Build started 31.08.2013 21:37:48.
     1>Project "C:\Users\ANDREY\Documents\Visual Studio 2010\Projects\FACE_PROGS\FaceRotate\vs2010\ImageTresholding.vcxproj" on node 3 (build target(s)).
     1>InitializeBuildStatus:
         Creating "ImageTresholding.dir\Release\FaceRotate.unsuccessfulbuild" because "AlwaysCreate" was specified.
       CustomBuild:
         All outputs are up-to-date.
       ClCompile:
         C:\Program Files (x86)\Microsoft Visual Studio 10.0\VC\bin\x86_amd64\CL.exe /c /I"C:/Users/ANDREY/Documents/Visual Studio 2010/Projects/FACE_PROGS/FaceRotate" /I"c:/Users/ANDREY/Documents/Visual Studio 2010/Projects/Opencv_64_install/include" /I"c:/Users/ANDREY/Documents/Visual Studio 2010/Projects/Opencv_64_install/include/opencv" /nologo /W3 /WX- /O2 /Ob2 /D WIN32 /D _WINDOWS /D NDEBUG /D "CMAKE_INTDIR=\"Release\"" /D _MBCS /Gm- /EHsc /MD /GS /fp:precise /Zc:wchar_t /Zc:forScope /GR /openmp /Fo"ImageTresholding.dir\Release\\" /Fd"C:/Users/ANDREY/Documents/Visual Studio 2010/Projects/FACE_PROGS/FaceRotate/vs2010/Release/ImageTresholding.pdb" /Gd /TP /errorReport:prompt ..\main.cpp
         main.cpp
     1>..\main.cpp(20): warning C4267: '=' : conversion from 'size_t' to 'int', possible loss of data
     1>..\main.cpp(110): warning C4244: 'argument' : conversion from 'double' to 'const int', possible loss of data
     1>..\main.cpp(113): warning C4244: 'argument' : conversion from 'double' to 'const int', possible loss of data
     1>..\main.cpp(117): warning C4244: 'argument' : conversion from 'double' to 'const int', possible loss of data
     1>..\main.cpp(120): warning C4244: 'argument' : conversion from 'double' to 'const int', possible loss of data
     1>..\main.cpp(129): warning C4244: 'argument' : conversion from 'int' to 'float', possible loss of data
     1>..\main.cpp(129): warning C4244: 'argument' : conversion from 'int' to 'float', possible loss of data
     1>..\main.cpp(151): warning C4305: '+=' : truncation from 'double' to 'float'
     1>..\main.cpp(159): warning C4244: 'argument' : conversion from 'double' to 'int', possible loss of data
     1>..\main.cpp(159): warning C4244: 'argument' : conversion from 'double' to 'int', possible loss of data
     1>..\main.cpp(163): warning C4244: 'argument' : conversion from 'float' to 'int', possible loss of data
     1>..\main.cpp(163): warning C4244: 'argument' : conversion from 'float' to 'int', possible loss of data
       Link:
         C:\Program Files (x86)\Microsoft Visual Studio 10.0\VC\bin\x86_amd64\link.exe /ERRORREPORT:PROMPT /OUT:"C:\Users\ANDREY\Documents\Visual Studio 2010\Projects\FACE_PROGS\FaceRotate\vs2010\Release\ImageTresholding.exe" /INCREMENTAL:NO /NOLOGO kernel32.lib user32.lib gdi32.lib winspool.lib shell32.lib ole32.lib oleaut32.lib uuid.lib comdlg32.lib advapi32.lib "c:\Users\ANDREY\Documents\Visual Studio 2010\Projects\Opencv_64_install\lib\opencv_bioinspired290.lib" "c:\Users\ANDREY\Documents\Visual Studio 2010\Projects\Opencv_64_install\lib\opencv_calib3d290.lib" "c:\Users\ANDREY\Documents\Visual Studio 2010\Projects\Opencv_64_install\lib\opencv_contrib290.lib" "c:\Users\ANDREY\Documents\Visual Studio 2010\Projects\Opencv_64_install\lib\opencv_core290.lib" "c:\Users\ANDREY\Documents\Visual Studio 2010\Projects\Opencv_64_install\lib\opencv_cudev290.lib" "c:\Users\ANDREY\Documents\Visual Studio 2010\Projects\Opencv_64_install\lib\opencv_features2d290.lib" "c:\Users\ANDREY\Documents\Visual Studio 2010\Projects\Opencv_64_install\lib\opencv_flann290.lib" "c:\Users\ANDREY\Documents\Visual Studio 2010\Projects\Opencv_64_install\lib\opencv_gpu290.lib" "c:\Users\ANDREY\Documents\Visual Studio 2010\Projects\Opencv_64_install\lib\opencv_gpuarithm290.lib" "c:\Users\ANDREY\Documents\Visual Studio 2010\Projects\Opencv_64_install\lib\opencv_gpubgsegm290.lib" "c:\Users\ANDREY\Documents\Visual Studio 2010\Projects\Opencv_64_install\lib\opencv_gpucodec290.lib" "c:\Users\ANDREY\Documents\Visual Studio 2010\Projects\Opencv_64_install\lib\opencv_gpufeatures2d290.lib" "c:\Users\ANDREY\Documents\Visual Studio 2010\Projects\Opencv_64_install\lib\opencv_gpufilters290.lib" "c:\Users\ANDREY\Documents\Visual Studio 2010\Projects\Opencv_64_install\lib\opencv_gpuimgproc290.lib" "c:\Users\ANDREY\Documents\Visual Studio 2010\Projects\Opencv_64_install\lib\opencv_gpulegacy290.lib" "c:\Users\ANDREY\Documents\Visual Studio 2010\Projects\Opencv_64_install\lib\opencv_gpuoptflow290.lib" "c:\Users\ANDREY\Documents\Visual Studio 2010\Projects\Opencv_64_install\lib\opencv_gpustereo290.lib" "c:\Users\ANDREY\Documents\Visual Studio 2010\Projects\Opencv_64_install\lib\opencv_gpuwarping290.lib" "c:\Users\ANDREY\Documents\Visual Studio 2010\Projects\Opencv_64_install\lib\opencv_highgui290.lib" "c:\Users\ANDREY\Documents\Visual Studio 2010\Projects\Opencv_64_install\lib\opencv_imgproc290.lib" "c:\Users\ANDREY\Documents\Visual Studio 2010\Projects\Opencv_64_install\lib\opencv_legacy290.lib" "c:\Users\ANDREY\Documents\Visual Studio 2010\Projects\Opencv_64_install\lib\opencv_ml290.lib" "c:\Users\ANDREY\Documents\Visual Studio 2010\Projects\Opencv_64_install\lib\opencv_nonfree290.lib" "c:\Users\ANDREY\Documents\Visual Studio 2010\Projects\Opencv_64_install\lib\opencv_objdetect290.lib" "c:\Users\ANDREY\Documents\Visual Studio 2010\Projects\Opencv_64_install\lib\opencv_optim290.lib" "c:\Users\ANDREY\Documents\Visual Studio 2010\Projects\Opencv_64_install\lib\opencv_photo290.lib" "c:\Users\ANDREY\Documents\Visual Studio 2010\Projects\Opencv_64_install\lib\opencv_softcascade290.lib" "c:\Users\ANDREY\Documents\Visual Studio 2010\Projects\Opencv_64_install\lib\opencv_stitching290.lib" "c:\Users\ANDREY\Documents\Visual Studio 2010\Projects\Opencv_64_install\lib\opencv_superres290.lib" "c:\Users\ANDREY\Documents\Visual Studio 2010\Projects\Opencv_64_install\lib\opencv_ts290.lib" "c:\Users\ANDREY\Documents\Visual Studio 2010\Projects\Opencv_64_install\lib\opencv_video290.lib" "c:\Users\ANDREY\Documents\Visual Studio 2010\Projects\Opencv_64_install\lib\opencv_videostab290.lib" glu32.lib opengl32.lib /MANIFEST /ManifestFile:"ImageTresholding.dir\Release\ImageTresholding.exe.intermediate.manifest" /MANIFESTUAC:"level='asInvoker' uiAccess='false'" /PDB:"C:/Users/ANDREY/Documents/Visual Studio 2010/Projects/FACE_PROGS/FaceRotate/vs2010/Release/ImageTresholding.pdb" /SUBSYSTEM:CONSOLE /TLBID:1 /DYNAMICBASE /NXCOMPAT /IMPLIB:"C:/Users/ANDREY/Documents/Visual Studio 2010/Projects/FACE_PROGS/FaceRotate/vs2010/Release/ImageTresholding.lib" /MACHINE:X64 ImageTresholding.dir\Release\AffineWarper.obj
         ImageTresholding.dir\Release\main.obj
         ImageTresholding.dir\Release\triangle.obj  /machine:x64 
         ImageTresholding.vcxproj -> C:\Users\ANDREY\Documents\Visual Studio 2010\Projects\FACE_PROGS\FaceRotate\vs2010\Release\ImageTresholding.exe
       Manifest:
         C:\Program Files (x86)\Microsoft SDKs\Windows\v7.0A\bin\mt.exe /nologo /verbose /outputresource:"C:\Users\ANDREY\Documents\Visual Studio 2010\Projects\FACE_PROGS\FaceRotate\vs2010\Release\ImageTresholding.exe;#1" /manifest ImageTresholding.dir\Release\ImageTresholding.exe.intermediate.manifest
       FinalizeBuildStatus:
         Deleting file "ImageTresholding.dir\Release\FaceRotate.unsuccessfulbuild".
         Touching "ImageTresholding.dir\Release\FaceRotate.lastbuildstate".
     1>Done Building Project "C:\Users\ANDREY\Documents\Visual Studio 2010\Projects\FACE_PROGS\FaceRotate\vs2010\ImageTresholding.vcxproj" (build target(s)).

Build succeeded.

Time Elapsed 00:00:01.30
